<?xml version="1.0" encoding="UTF-8"?>
<testsuites>
  <testsuite name="" tests="2" assertions="2" errors="0" warnings="0" failures="0" skipped="0" time="5.790033">
    <testsuite name="Feature" tests="2" assertions="2" errors="0" warnings="0" failures="0" skipped="0" time="5.790033">
      <testsuite name="Tests\Feature\RouteTest" file="/var/www/html/tests/Feature/RouteTest.php" tests="2" assertions="2" errors="0" warnings="0" failures="0" skipped="0" time="5.790033">
        <testcase name="testHome" class="Tests\Feature\RouteTest" classname="Tests.Feature.RouteTest" file="/var/www/html/tests/Feature/RouteTest.php" line="11" assertions="1" time="5.556125"/>
        <testcase name="testLogin" class="Tests\Feature\RouteTest" classname="Tests.Feature.RouteTest" file="/var/www/html/tests/Feature/RouteTest.php" line="17" assertions="1" time="0.233908"/>
      </testsuite>
    </testsuite>
  </testsuite>
</testsuites>
